<?xml version="1.0" encoding="UTF-8"?>
<!-- Generated by org.testng.reporters.JUnitXMLReporter -->
<testsuite ignored="0" hostname="SMR-LAPTOP" failures="0" tests="2" name="AddToCart Multiple User Multiple Product" time="25.104" errors="0" timestamp="2021-01-25T06:19:54 EST">
  <testcase classname="multicart.addtocart.test.AddToCartMultipleUserAndProductTest" name="signIn" time="8.288"/>
  <testcase classname="multicart.addtocart.test.AddToCartMultipleUserAndProductTest" name="signIn" time="8.082"/>
</testsuite> <!-- AddToCart Multiple User Multiple Product -->
