<?xml version="1.0" encoding="UTF-8"?>
<!-- Generated by org.testng.reporters.JUnitXMLReporter -->
<testsuite ignored="0" hostname="SMR-LAPTOP" failures="0" tests="2" name="AddToCart Single User Multiple Product" time="23.298" errors="0" timestamp="2021-01-25T06:19:28 EST">
  <testcase classname="multicart.addtocart.test.AddToCartMultipleProductTest" name="addToCart" time="5.764"/>
  <testcase classname="multicart.addtocart.test.AddToCartMultipleProductTest" name="addToCart" time="5.579"/>
</testsuite> <!-- AddToCart Single User Multiple Product -->
