<?xml version="1.0" encoding="UTF-8"?>
<!-- Generated by org.testng.reporters.JUnitXMLReporter -->
<testsuite ignored="0" hostname="SMR-LAPTOP" failures="0" tests="4" name="Pages" time="65.616" errors="0" timestamp="2021-01-14T00:55:06 EST">
  <testcase classname="main_tests.HomePageTest" name="homePage" time="3.54"/>
  <testcase classname="main_tests.SignInSingleUserTest" name="signIn" time="6.119"/>
  <testcase classname="main_tests.SignInMultipleUserTest" name="signIn" time="3.578"/>
  <testcase classname="main_tests.SignInMultipleUserTest" name="signIn" time="3.526"/>
</testsuite> <!-- Pages -->
