<?xml version="1.0" encoding="UTF-8"?>
<testng-results ignored="0" total="1" passed="1" failed="0" skipped="0">
  <reporter-output>
  </reporter-output>
  <suite started-at="2021-01-25T19:52:34 EST" name="Default suite" finished-at="2021-01-25T19:52:50 EST" duration-ms="16280">
    <groups>
    </groups>
    <test started-at="2021-01-25T19:52:34 EST" name="Default test" finished-at="2021-01-25T19:52:50 EST" duration-ms="16280">
      <class name="multicart.pages.test.SignInFromDB">
        <test-method is-config="true" signature="openBrowser()[pri:0, instance:multicart.pages.test.SignInFromDB@3ad2e17]" started-at="2021-01-25T19:52:34 EST" name="openBrowser" finished-at="2021-01-25T19:52:46 EST" duration-ms="12218" status="PASS">
          <reporter-output>
          </reporter-output>
        </test-method> <!-- openBrowser -->
        <test-method signature="signIn()[pri:0, instance:multicart.pages.test.SignInFromDB@3ad2e17]" started-at="2021-01-25T19:52:46 EST" name="signIn" finished-at="2021-01-25T19:52:49 EST" duration-ms="2620" status="PASS">
          <reporter-output>
          </reporter-output>
        </test-method> <!-- signIn -->
        <test-method is-config="true" signature="logOut()[pri:0, instance:multicart.pages.test.SignInFromDB@3ad2e17]" started-at="2021-01-25T19:52:49 EST" name="logOut" finished-at="2021-01-25T19:52:50 EST" duration-ms="1355" status="PASS">
          <reporter-output>
          </reporter-output>
        </test-method> <!-- logOut -->
      </class> <!-- multicart.pages.test.SignInFromDB -->
    </test> <!-- Default test -->
  </suite> <!-- Default suite -->
</testng-results>
